Performing C SOURCE FILE Test CMAKE_HAVE_LIBC_PTHREAD failed with the following output:
Change Dir: /home/kronos/DISKS/CLOUD/CLOUD/DEV/CPP/learning/UDACITY/CppND-Capstone-Snake-Game-master/build/CMakeFiles/CMakeTmp

Run Build Command(s):/usr/bin/ninja cmTC_9f693 && [1/2] Building C object CMakeFiles/cmTC_9f693.dir/src.c.o
[2/2] Linking C executable cmTC_9f693
FAILED: cmTC_9f693 
: && /bin/x86_64-linux-gnu-gcc-9 -DCMAKE_HAVE_LIBC_PTHREAD   CMakeFiles/cmTC_9f693.dir/src.c.o  -o cmTC_9f693   && :
/usr/bin/ld: CMakeFiles/cmTC_9f693.dir/src.c.o: in function `main':
src.c:(.text+0x46): undefined reference to `pthread_create'
/usr/bin/ld: src.c:(.text+0x52): undefined reference to `pthread_detach'
/usr/bin/ld: src.c:(.text+0x63): undefined reference to `pthread_join'
collect2: error: ld returned 1 exit status
ninja: build stopped: subcommand failed.


Source file was:
#include <pthread.h>

void* test_func(void* data)
{
  return data;
}

int main(void)
{
  pthread_t thread;
  pthread_create(&thread, NULL, test_func, NULL);
  pthread_detach(thread);
  pthread_join(thread, NULL);
  pthread_atfork(NULL, NULL, NULL);
  pthread_exit(NULL);

  return 0;
}

